#
# A fatal error has been detected by the Java Runtime Environment:
#
#  EXCEPTION_ACCESS_VIOLATION (0xc0000005) at pc=0x0000021b257b1066, pid=12196, tid=0x000000000000431c
#
# JRE version: Java(TM) SE Runtime Environment (8.0_341-b10) (build 1.8.0_341-b10)
# Java VM: Java HotSpot(TM) 64-Bit Server VM (25.341-b10 mixed mode windows-amd64 compressed oops)
# Problematic frame:
# C  0x0000021b257b1066
#
# Failed to write core dump. Minidumps are not enabled by default on client versions of Windows
#
# If you would like to submit a bug report, please visit:
#   http://bugreport.java.com/bugreport/crash.jsp
# The crash happened outside the Java Virtual Machine in native code.
# See problematic frame for where to report the bug.
#

---------------  T H R E A D  ---------------

Current thread (0x0000021b224be800):  JavaThread "Thread-13" daemon [_thread_in_native, id=17180, stack(0x00000085c9560000,0x00000085c9660000)]

siginfo: ExceptionCode=0xc0000005, reading address 0x0000021b1faaf004

Registers:
RAX=0x0000000000000004, RBX=0x0000021b25980090, RCX=0x0000021b1faaf008, RDX=0x0000021b1faaf004
RSP=0x00000085c965ee30, RBP=0x00000000000000ff, RSI=0x0000021b1faae04c, RDI=0x0000000000000000
R8 =0x00000000000003ee, R9 =0x0000021b1faae04c, R10=0x0000021ab71199c2, R11=0x0000000074f5a790
R12=0x0000000000000001, R13=0x0000021b24d9e100, R14=0x00000085c965efc8, R15=0x0000021b224be800
RIP=0x0000021b257b1066, EFLAGS=0x0000000000010202

Top of Stack: (sp=0x00000085c965ee30)
0x00000085c965ee30:   fffffffe00000000 0000021b224be800
0x00000085c965ee40:   0000021b24d9e100 0000000000000000
0x00000085c965ee50:   0000021b24d9e100 0000000000000000
0x00000085c965ee60:   0000021b224be800 00000085c965efc8
0x00000085c965ee70:   00000085c965ef90 0000000074df357b
0x00000085c965ee80:   00000085c965eeb0 0000000000000013
0x00000085c965ee90:   0000021b222e5e60 0000021adae043d0
0x00000085c965eea0:   0000021b224be800 00000085c965efc8
0x00000085c965eeb0:   0000021b24d9e100 0000000000000000
0x00000085c965eec0:   0000021b1faae04c 00000006c2417ac8
0x00000085c965eed0:   00000085c965ef90 0000021b257b248f
0x00000085c965eee0:   0000021b25980090 0000021b25980090
0x00000085c965eef0:   0000021b0000ac44 0000021b00000004
0x00000085c965ef00:   0000000000000010 0000021ab71199ee
0x00000085c965ef10:   0000021b24d9e100 0000021ab71196e5
0x00000085c965ef20:   0000021b24d9e100 00000085c965ef90 

Instructions: (pc=0x0000021b257b1066)
0x0000021b257b1046:   41 2b ec 81 3a 03 00 02 00 75 09 8b 01 89 84 24
0x0000021b257b1056:   c8 00 00 00 49 83 c0 02 48 83 c1 08 4a 8d 14 86
0x0000021b257b1066:   39 3a 75 af 4c 8d 84 24 c0 00 00 00 48 8d 15 d7
0x0000021b257b1076:   2b 03 00 33 c9 e8 58 5f 00 00 b8 40 1f 00 00 4c 


Register to memory mapping:

RAX=0x0000000000000004 is an unknown value
RBX=0x0000021b25980090 is an unknown value
RCX=0x0000021b1faaf008 is an unknown value
RDX=0x0000021b1faaf004 is an unknown value
RSP=0x00000085c965ee30 is pointing into the stack for thread: 0x0000021b224be800
RBP=0x00000000000000ff is an unknown value
RSI=0x0000021b1faae04c is an unknown value
RDI=0x0000000000000000 is an unknown value
R8 =0x00000000000003ee is an unknown value
R9 =0x0000021b1faae04c is an unknown value
R10=0x0000021ab71199c2 is at code_begin+962 in an Interpreter codelet
method entry point (kind = native)  [0x0000021ab7119600, 0x0000021ab711a0a0]  2720 bytes
R11=0x0000000074f5a790 is an unknown value
R12=0x0000000000000001 is an unknown value
R13={method} {0x0000021b24d9e108} 'nalcCreateContext' '(JJ)J' in 'org/lwjgl/openal/ALC10'
R14=0x00000085c965efc8 is pointing into the stack for thread: 0x0000021b224be800
R15=0x0000021b224be800 is a thread


Stack: [0x00000085c9560000,0x00000085c9660000],  sp=0x00000085c965ee30,  free space=1019k
Native frames: (J=compiled Java code, j=interpreted, Vv=VM code, C=native code)
C  0x0000021b257b1066
C  0x0000021b257b248f
C  0x0000021ab71199ee

Java frames: (J=compiled Java code, j=interpreted, Vv=VM code)
j  org.lwjgl.openal.ALC10.nalcCreateContext(JJ)J+0
j  org.lwjgl.openal.ALC10.alcCreateContext(Lorg/lwjgl/openal/ALCdevice;Ljava/nio/IntBuffer;)Lorg/lwjgl/openal/ALCcontext;+8
j  org.lwjgl.openal.AL.init(Ljava/lang/String;IIZZ)V+69
j  org.lwjgl.openal.AL.create(Ljava/lang/String;IIZZ)V+246
j  org.lwjgl.openal.AL.create(Ljava/lang/String;IIZ)V+5
j  org.lwjgl.openal.AL.create()V+6
j  paulscode.sound.libraries.LibraryLWJGLOpenAL.init()V+2
j  paulscode.sound.SoundSystem.CommandNewLibrary(Ljava/lang/Class;)V+260
j  paulscode.sound.SoundSystem.CommandQueue(Lpaulscode/sound/CommandObject;)Z+1079
j  paulscode.sound.CommandThread.run()V+51
v  ~StubRoutines::call_stub

---------------  P R O C E S S  ---------------

Java Threads: ( => current thread )
  0x0000021b224c1800 JavaThread "Thread-14" daemon [_thread_blocked, id=7560, stack(0x00000085c9660000,0x00000085c9760000)]
=>0x0000021b224be800 JavaThread "Thread-13" daemon [_thread_in_native, id=17180, stack(0x00000085c9560000,0x00000085c9660000)]
  0x0000021b224ba000 JavaThread "Minecraft main thread" daemon [_thread_blocked, id=10588, stack(0x00000085c6e00000,0x00000085c6f00000)]
  0x0000021b224b2800 JavaThread "Timer hack thread" daemon [_thread_blocked, id=18528, stack(0x00000085c6c00000,0x00000085c6d00000)]
  0x0000021b224b5800 JavaThread "URL-Loader-18" daemon [_thread_blocked, id=8028, stack(0x00000085c9160000,0x00000085c9260000)]
  0x0000021b224b1800 JavaThread "URL-Loader-17" daemon [_thread_blocked, id=13912, stack(0x00000085c7460000,0x00000085c7560000)]
  0x0000021b224b7000 JavaThread "URL-Loader-16" daemon [_thread_blocked, id=9768, stack(0x00000085c6a00000,0x00000085c6b00000)]
  0x0000021b1fe74000 JavaThread "URL-Loader-15" daemon [_thread_blocked, id=10348, stack(0x00000085c9060000,0x00000085c9160000)]
  0x0000021b1fd25800 JavaThread "URL-Loader-14" daemon [_thread_blocked, id=6752, stack(0x00000085c8f60000,0x00000085c9060000)]
  0x0000021b1fd1e000 JavaThread "URL-Loader-13" daemon [_thread_blocked, id=6400, stack(0x00000085c8e60000,0x00000085c8f60000)]
  0x0000021b1fd1c000 JavaThread "URL-Loader-12" daemon [_thread_blocked, id=18812, stack(0x00000085c8d60000,0x00000085c8e60000)]
  0x0000021b1fd22000 JavaThread "URL-Loader-11" daemon [_thread_blocked, id=11792, stack(0x00000085c8a60000,0x00000085c8b60000)]
  0x0000021b1fe73000 JavaThread "URL-Loader-10" daemon [_thread_blocked, id=19392, stack(0x00000085c8c60000,0x00000085c8d60000)]
  0x0000021b1fd19800 JavaThread "URL-Loader-9" daemon [_thread_blocked, id=4132, stack(0x00000085c8960000,0x00000085c8a60000)]
  0x0000021b1fd1f000 JavaThread "URL-Loader-8" daemon [_thread_blocked, id=8348, stack(0x00000085c8860000,0x00000085c8960000)]
  0x0000021b1fd1f800 JavaThread "URL-Loader-7" daemon [_thread_blocked, id=6900, stack(0x00000085c8760000,0x00000085c8860000)]
  0x0000021b1fd17800 JavaThread "URL-Loader-6" daemon [_thread_blocked, id=15264, stack(0x00000085c8660000,0x00000085c8760000)]
  0x0000021b1fd1d800 JavaThread "URL-Loader-5" daemon [_thread_blocked, id=13092, stack(0x00000085c8560000,0x00000085c8660000)]
  0x0000021b1fd1c800 JavaThread "URL-Loader-4" daemon [_thread_blocked, id=18128, stack(0x00000085c8160000,0x00000085c8260000)]
  0x0000021adbcea000 JavaThread "URL-Loader-3" daemon [_thread_blocked, id=11480, stack(0x00000085c8060000,0x00000085c8160000)]
  0x0000021adbce9800 JavaThread "URL-Loader-2" daemon [_thread_blocked, id=12168, stack(0x00000085c7f60000,0x00000085c8060000)]
  0x0000021adbce8800 JavaThread "Thread-8" daemon [_thread_in_native, id=5280, stack(0x00000085c7e60000,0x00000085c7f60000)]
  0x0000021adbce1000 JavaThread "Keep-Alive-Timer" daemon [_thread_blocked, id=7788, stack(0x00000085c7d60000,0x00000085c7e60000)]
  0x0000021adb1a4000 JavaThread "URL-Loader-1" daemon [_thread_blocked, id=1196, stack(0x00000085c7260000,0x00000085c7360000)]
  0x0000021adb48c800 JavaThread "Disposer" daemon [_thread_blocked, id=9804, stack(0x00000085c7160000,0x00000085c7260000)]
  0x0000021adb7f5000 JavaThread "Prism Font Disposer" daemon [_thread_blocked, id=12940, stack(0x00000085c6f60000,0x00000085c7060000)]
  0x0000021adb7f1800 JavaThread "Thread-7" daemon [_thread_in_native, id=10160, stack(0x00000085c6b00000,0x00000085c6c00000)]
  0x0000021adb48d800 JavaThread "Thread-6" daemon [_thread_blocked, id=4444, stack(0x00000085c6d00000,0x00000085c6e00000)]
  0x0000021adb1a4800 JavaThread "DestroyJavaVM" [_thread_blocked, id=10368, stack(0x00000085c3e00000,0x00000085c3f00000)]
  0x0000021adb1a1800 JavaThread "D3D Screen Updater" daemon [_thread_blocked, id=4044, stack(0x00000085c6900000,0x00000085c6a00000)]
  0x0000021ad3b93800 JavaThread "AWT-EventQueue-0" [_thread_blocked, id=4652, stack(0x00000085c6500000,0x00000085c6600000)]
  0x0000021ad388a000 JavaThread "AWT-Windows" daemon [_thread_in_native, id=14460, stack(0x00000085c6200000,0x00000085c6300000)]
  0x0000021ad3886800 JavaThread "AWT-Shutdown" [_thread_blocked, id=4184, stack(0x00000085c6100000,0x00000085c6200000)]
  0x0000021ad3883000 JavaThread "Java2D Disposer" daemon [_thread_blocked, id=11896, stack(0x00000085c6000000,0x00000085c6100000)]
  0x0000021ad32e9000 JavaThread "Service Thread" daemon [_thread_blocked, id=13624, stack(0x00000085c5e00000,0x00000085c5f00000)]
  0x0000021ad3203800 JavaThread "C1 CompilerThread11" daemon [_thread_blocked, id=7984, stack(0x00000085c5d00000,0x00000085c5e00000)]
  0x0000021ad3206800 JavaThread "C1 CompilerThread10" daemon [_thread_blocked, id=16044, stack(0x00000085c5c00000,0x00000085c5d00000)]
  0x0000021ad3204000 JavaThread "C1 CompilerThread9" daemon [_thread_blocked, id=5360, stack(0x00000085c5b00000,0x00000085c5c00000)]
  0x0000021ad3209800 JavaThread "C1 CompilerThread8" daemon [_thread_blocked, id=9464, stack(0x00000085c5a00000,0x00000085c5b00000)]
  0x0000021ad3208800 JavaThread "C2 CompilerThread7" daemon [_thread_blocked, id=4480, stack(0x00000085c5900000,0x00000085c5a00000)]
  0x0000021ad3202800 JavaThread "C2 CompilerThread6" daemon [_thread_blocked, id=6092, stack(0x00000085c5800000,0x00000085c5900000)]
  0x0000021ad3205000 JavaThread "C2 CompilerThread5" daemon [_thread_blocked, id=16448, stack(0x00000085c5700000,0x00000085c5800000)]
  0x0000021ad3208000 JavaThread "C2 CompilerThread4" daemon [_thread_blocked, id=8264, stack(0x00000085c5600000,0x00000085c5700000)]
  0x0000021ad31f5800 JavaThread "C2 CompilerThread3" daemon [_thread_blocked, id=7100, stack(0x00000085c5500000,0x00000085c5600000)]
  0x0000021ad31e9800 JavaThread "C2 CompilerThread2" daemon [_thread_blocked, id=2876, stack(0x00000085c5400000,0x00000085c5500000)]
  0x0000021ad31e7800 JavaThread "C2 CompilerThread1" daemon [_thread_blocked, id=19144, stack(0x00000085c5300000,0x00000085c5400000)]
  0x0000021ad31e7000 JavaThread "C2 CompilerThread0" daemon [_thread_blocked, id=18444, stack(0x00000085c5200000,0x00000085c5300000)]
  0x0000021ad31e5800 JavaThread "Monitor Ctrl-Break" daemon [_thread_in_native, id=8188, stack(0x00000085c5100000,0x00000085c5200000)]
  0x0000021ad312b800 JavaThread "Attach Listener" daemon [_thread_blocked, id=7324, stack(0x00000085c5000000,0x00000085c5100000)]
  0x0000021ad3129000 JavaThread "Signal Dispatcher" daemon [_thread_blocked, id=11016, stack(0x00000085c4f00000,0x00000085c5000000)]
  0x0000021ad3110800 JavaThread "Finalizer" daemon [_thread_blocked, id=8136, stack(0x00000085c4e00000,0x00000085c4f00000)]
  0x0000021ad0407000 JavaThread "Reference Handler" daemon [_thread_blocked, id=2232, stack(0x00000085c4d00000,0x00000085c4e00000)]

Other Threads:
  0x0000021ad03ff000 VMThread [stack: 0x00000085c4c00000,0x00000085c4d00000] [id=14616]
  0x0000021ad32cf000 WatcherThread [stack: 0x00000085c5f00000,0x00000085c6000000] [id=2164]

VM state:not at safepoint (normal execution)

VM Mutex/Monitor currently owned by a thread: None

heap address: 0x00000006c2400000, size: 4060 MB, Compressed Oops mode: Zero based, Oop shift amount: 3
Narrow klass base: 0x0000000000000000, Narrow klass shift: 3
Compressed class space size: 1073741824 Address: 0x00000007c0000000

Heap:
 PSYoungGen      total 137216K, used 43077K [0x000000076b700000, 0x0000000774880000, 0x00000007c0000000)
  eden space 126464K, 25% used [0x000000076b700000,0x000000076d695280,0x0000000773280000)
  from space 10752K, 99% used [0x0000000773e00000,0x000000077487c4e8,0x0000000774880000)
  to   space 10752K, 0% used [0x0000000773380000,0x0000000773380000,0x0000000773e00000)
 ParOldGen       total 73216K, used 11229K [0x00000006c2400000, 0x00000006c6b80000, 0x000000076b700000)
  object space 73216K, 15% used [0x00000006c2400000,0x00000006c2ef7738,0x00000006c6b80000)
 Metaspace       used 33264K, capacity 34329K, committed 34560K, reserved 1079296K
  class space    used 4249K, capacity 4489K, committed 4608K, reserved 1048576K

Card table byte_map: [0x0000021ac64c0000,0x0000021ac6cb0000] byte_map_base: 0x0000021ac2eae000

Marking Bits: (ParMarkBitMap*) 0x0000000075519030
 Begin Bits: [0x0000021ac7200000, 0x0000021acb170000)
 End Bits:   [0x0000021acb170000, 0x0000021acf0e0000)

Polling page: 0x0000021ab70d0000

CodeCache: size=245760Kb used=14589Kb max_used=14589Kb free=231170Kb
 bounds [0x0000021ab7100000, 0x0000021ab7f50000, 0x0000021ac6100000]
 total_blobs=5246 nmethods=4237 adapters=918
 compilation: enabled

Compilation events (10 events):
Event: 14.378 Thread 0x0000021ad3206800 4626       3       sun.nio.cs.StreamEncoder::implWrite (156 bytes)
Event: 14.378 Thread 0x0000021ad3203800 4627       3       sun.nio.cs.UTF_8$Encoder::encodeLoop (28 bytes)
Event: 14.378 Thread 0x0000021ad3204000 nmethod 4624 0x0000021ab7f45310 code [0x0000021ab7f45480, 0x0000021ab7f456d0]
Event: 14.378 Thread 0x0000021ad3203800 nmethod 4627 0x0000021ab7f44ad0 code [0x0000021ab7f44c60, 0x0000021ab7f451a0]
Event: 14.378 Thread 0x0000021ad3209800 nmethod 4625 0x0000021ab7f43d50 code [0x0000021ab7f43f20, 0x0000021ab7f44670]
Event: 14.379 Thread 0x0000021ad3206800 nmethod 4626 0x0000021ab7f42350 code [0x0000021ab7f425c0, 0x0000021ab7f434d0]
Event: 14.381 Thread 0x0000021ad31f5800 4628       4       java.util.regex.Pattern::has (15 bytes)
Event: 14.381 Thread 0x0000021ad31f5800 nmethod 4628 0x0000021ab7f0cf10 code [0x0000021ab7f0d040, 0x0000021ab7f0d0b8]
Event: 14.381 Thread 0x0000021ad3204000 4629   !   3       sun.reflect.GeneratedConstructorAccessor21::newInstance (49 bytes)
Event: 14.382 Thread 0x0000021ad3204000 nmethod 4629 0x0000021ab7f48790 code [0x0000021ab7f48980, 0x0000021ab7f49230]

GC Heap History (10 events):
Event: 4.432 GC heap before
{Heap before GC invocations=1 (full 0):
 PSYoungGen      total 75776K, used 65024K [0x000000076b700000, 0x0000000770b80000, 0x00000007c0000000)
  eden space 65024K, 100% used [0x000000076b700000,0x000000076f680000,0x000000076f680000)
  from space 10752K, 0% used [0x0000000770100000,0x0000000770100000,0x0000000770b80000)
  to   space 10752K, 0% used [0x000000076f680000,0x000000076f680000,0x0000000770100000)
 ParOldGen       total 173568K, used 0K [0x00000006c2400000, 0x00000006ccd80000, 0x000000076b700000)
  object space 173568K, 0% used [0x00000006c2400000,0x00000006c2400000,0x00000006ccd80000)
 Metaspace       used 20447K, capacity 20822K, committed 21120K, reserved 1067008K
  class space    used 2479K, capacity 2594K, committed 2688K, reserved 1048576K
Event: 4.437 GC heap after
Heap after GC invocations=1 (full 0):
 PSYoungGen      total 75776K, used 8916K [0x000000076b700000, 0x0000000770b80000, 0x00000007c0000000)
  eden space 65024K, 0% used [0x000000076b700000,0x000000076b700000,0x000000076f680000)
  from space 10752K, 82% used [0x000000076f680000,0x000000076ff35318,0x0000000770100000)
  to   space 10752K, 0% used [0x0000000770100000,0x0000000770100000,0x0000000770b80000)
 ParOldGen       total 173568K, used 32K [0x00000006c2400000, 0x00000006ccd80000, 0x000000076b700000)
  object space 173568K, 0% used [0x00000006c2400000,0x00000006c2408000,0x00000006ccd80000)
 Metaspace       used 20447K, capacity 20822K, committed 21120K, reserved 1067008K
  class space    used 2479K, capacity 2594K, committed 2688K, reserved 1048576K
}
Event: 4.448 GC heap before
{Heap before GC invocations=2 (full 0):
 PSYoungGen      total 75776K, used 13481K [0x000000076b700000, 0x0000000770b80000, 0x00000007c0000000)
  eden space 65024K, 7% used [0x000000076b700000,0x000000076bb75390,0x000000076f680000)
  from space 10752K, 82% used [0x000000076f680000,0x000000076ff35318,0x0000000770100000)
  to   space 10752K, 0% used [0x0000000770100000,0x0000000770100000,0x0000000770b80000)
 ParOldGen       total 173568K, used 32K [0x00000006c2400000, 0x00000006ccd80000, 0x000000076b700000)
  object space 173568K, 0% used [0x00000006c2400000,0x00000006c2408000,0x00000006ccd80000)
 Metaspace       used 20730K, capacity 21076K, committed 21296K, reserved 1069056K
  class space    used 2511K, capacity 2635K, committed 2688K, reserved 1048576K
Event: 4.452 GC heap after
Heap after GC invocations=2 (full 0):
 PSYoungGen      total 75776K, used 6059K [0x000000076b700000, 0x0000000774b00000, 0x00000007c0000000)
  eden space 65024K, 0% used [0x000000076b700000,0x000000076b700000,0x000000076f680000)
  from space 10752K, 56% used [0x0000000770100000,0x00000007706eae10,0x0000000770b80000)
  to   space 10752K, 0% used [0x000000076f680000,0x000000076f680000,0x0000000770100000)
 ParOldGen       total 173568K, used 40K [0x00000006c2400000, 0x00000006ccd80000, 0x000000076b700000)
  object space 173568K, 0% used [0x00000006c2400000,0x00000006c240a000,0x00000006ccd80000)
 Metaspace       used 20730K, capacity 21076K, committed 21296K, reserved 1069056K
  class space    used 2511K, capacity 2635K, committed 2688K, reserved 1048576K
}
Event: 4.452 GC heap before
{Heap before GC invocations=3 (full 1):
 PSYoungGen      total 75776K, used 6059K [0x000000076b700000, 0x0000000774b00000, 0x00000007c0000000)
  eden space 65024K, 0% used [0x000000076b700000,0x000000076b700000,0x000000076f680000)
  from space 10752K, 56% used [0x0000000770100000,0x00000007706eae10,0x0000000770b80000)
  to   space 10752K, 0% used [0x000000076f680000,0x000000076f680000,0x0000000770100000)
 ParOldGen       total 173568K, used 40K [0x00000006c2400000, 0x00000006ccd80000, 0x000000076b700000)
  object space 173568K, 0% used [0x00000006c2400000,0x00000006c240a000,0x00000006ccd80000)
 Metaspace       used 20730K, capacity 21076K, committed 21296K, reserved 1069056K
  class space    used 2511K, capacity 2635K, committed 2688K, reserved 1048576K
Event: 4.467 GC heap after
Heap after GC invocations=3 (full 1):
 PSYoungGen      total 75776K, used 0K [0x000000076b700000, 0x0000000774b00000, 0x00000007c0000000)
  eden space 65024K, 0% used [0x000000076b700000,0x000000076b700000,0x000000076f680000)
  from space 10752K, 0% used [0x0000000770100000,0x0000000770100000,0x0000000770b80000)
  to   space 10752K, 0% used [0x000000076f680000,0x000000076f680000,0x0000000770100000)
 ParOldGen       total 73216K, used 5802K [0x00000006c2400000, 0x00000006c6b80000, 0x000000076b700000)
  object space 73216K, 7% used [0x00000006c2400000,0x00000006c29aa988,0x00000006c6b80000)
 Metaspace       used 20730K, capacity 21076K, committed 21296K, reserved 1069056K
  class space    used 2511K, capacity 2635K, committed 2688K, reserved 1048576K
}
Event: 5.311 GC heap before
{Heap before GC invocations=4 (full 1):
 PSYoungGen      total 75776K, used 65024K [0x000000076b700000, 0x0000000774b00000, 0x00000007c0000000)
  eden space 65024K, 100% used [0x000000076b700000,0x000000076f680000,0x000000076f680000)
  from space 10752K, 0% used [0x0000000770100000,0x0000000770100000,0x0000000770b80000)
  to   space 10752K, 0% used [0x000000076f680000,0x000000076f680000,0x0000000770100000)
 ParOldGen       total 73216K, used 6826K [0x00000006c2400000, 0x00000006c6b80000, 0x000000076b700000)
  object space 73216K, 9% used [0x00000006c2400000,0x00000006c2aaa998,0x00000006c6b80000)
 Metaspace       used 29227K, capacity 30130K, committed 30208K, reserved 1075200K
  class space    used 3866K, capacity 4086K, committed 4096K, reserved 1048576K
Event: 5.315 GC heap after
Heap after GC invocations=4 (full 1):
 PSYoungGen      total 75776K, used 10722K [0x000000076b700000, 0x0000000774880000, 0x00000007c0000000)
  eden space 65024K, 0% used [0x000000076b700000,0x000000076b700000,0x000000076f680000)
  from space 10752K, 99% used [0x000000076f680000,0x00000007700f8830,0x0000000770100000)
  to   space 10752K, 0% used [0x0000000773e00000,0x0000000773e00000,0x0000000774880000)
 ParOldGen       total 73216K, used 10274K [0x00000006c2400000, 0x00000006c6b80000, 0x000000076b700000)
  object space 73216K, 14% used [0x00000006c2400000,0x00000006c2e08b90,0x00000006c6b80000)
 Metaspace       used 29227K, capacity 30130K, committed 30208K, reserved 1075200K
  class space    used 3866K, capacity 4086K, committed 4096K, reserved 1048576K
}
Event: 13.872 GC heap before
{Heap before GC invocations=5 (full 1):
 PSYoungGen      total 75776K, used 75746K [0x000000076b700000, 0x0000000774880000, 0x00000007c0000000)
  eden space 65024K, 100% used [0x000000076b700000,0x000000076f680000,0x000000076f680000)
  from space 10752K, 99% used [0x000000076f680000,0x00000007700f8830,0x0000000770100000)
  to   space 10752K, 0% used [0x0000000773e00000,0x0000000773e00000,0x0000000774880000)
 ParOldGen       total 73216K, used 10280K [0x00000006c2400000, 0x00000006c6b80000, 0x000000076b700000)
  object space 73216K, 14% used [0x00000006c2400000,0x00000006c2e0a2b8,0x00000006c6b80000)
 Metaspace       used 30735K, capacity 31738K, committed 31872K, reserved 1077248K
  class space    used 3966K, capacity 4194K, committed 4224K, reserved 1048576K
Event: 13.877 GC heap after
Heap after GC invocations=5 (full 1):
 PSYoungGen      total 137216K, used 10737K [0x000000076b700000, 0x0000000774880000, 0x00000007c0000000)
  eden space 126464K, 0% used [0x000000076b700000,0x000000076b700000,0x0000000773280000)
  from space 10752K, 99% used [0x0000000773e00000,0x000000077487c4e8,0x0000000774880000)
  to   space 10752K, 0% used [0x0000000773380000,0x0000000773380000,0x0000000773e00000)
 ParOldGen       total 73216K, used 11229K [0x00000006c2400000, 0x00000006c6b80000, 0x000000076b700000)
  object space 73216K, 15% used [0x00000006c2400000,0x00000006c2ef7738,0x00000006c6b80000)
 Metaspace       used 30735K, capacity 31738K, committed 31872K, reserved 1077248K
  class space    used 3966K, capacity 4194K, committed 4224K, reserved 1048576K
}

Deoptimization events (10 events):
Event: 11.714 Thread 0x0000021adb490800 Uncommon trap: reason=bimorphic action=maybe_recompile pc=0x0000021ab7714488 method=java.util.regex.Pattern$Branch.match(Ljava/util/regex/Matcher;ILjava/lang/CharSequence;)Z @ 32
Event: 12.409 Thread 0x0000021adb490800 Uncommon trap: reason=bimorphic action=maybe_recompile pc=0x0000021ab7714488 method=java.util.regex.Pattern$Branch.match(Ljava/util/regex/Matcher;ILjava/lang/CharSequence;)Z @ 32
Event: 13.152 Thread 0x0000021adb490800 Uncommon trap: reason=bimorphic action=maybe_recompile pc=0x0000021ab7714488 method=java.util.regex.Pattern$Branch.match(Ljava/util/regex/Matcher;ILjava/lang/CharSequence;)Z @ 32
Event: 13.643 Thread 0x0000021adb490800 Uncommon trap: reason=unstable_if action=reinterpret pc=0x0000021ab7e4f0c8 method=org.json.JSONTokener.incrementIndexes(I)V @ 49
Event: 13.643 Thread 0x0000021adb490800 Uncommon trap: reason=unstable_if action=reinterpret pc=0x0000021ab7e3744c method=org.json.JSONTokener.incrementIndexes(I)V @ 49
Event: 13.884 Thread 0x0000021b224bb000 Uncommon trap: reason=class_check action=maybe_recompile pc=0x0000021ab765b110 method=java.util.HashMap.putVal(ILjava/lang/Object;Ljava/lang/Object;ZZ)Ljava/lang/Object; @ 203
Event: 13.893 Thread 0x0000021ad3b93800 Uncommon trap: reason=unstable_if action=reinterpret pc=0x0000021ab7cea8dc method=java.security.AccessControlContext.optimize()Ljava/security/AccessControlContext; @ 279
Event: 13.954 Thread 0x0000021b224ba000 Uncommon trap: reason=null_assert action=make_not_entrant pc=0x0000021ab7813f34 method=java.util.zip.ZipEntry.<init>(Ljava/util/zip/ZipEntry;)V @ 70
Event: 14.218 Thread 0x0000021b224ba000 Uncommon trap: reason=unstable_if action=reinterpret pc=0x0000021ab7e9c350 method=java.lang.StringCoding.decode(Ljava/lang/String;[BII)[C @ 51
Event: 14.378 Thread 0x0000021b224ba000 Uncommon trap: reason=unstable_if action=reinterpret pc=0x0000021ab7b7ad1c method=java.lang.ThreadLocal$ThreadLocalMap.getEntry(Ljava/lang/ThreadLocal;)Ljava/lang/ThreadLocal$ThreadLocalMap$Entry; @ 29

Classes redefined (0 events):
No events

Internal exceptions (10 events):
Event: 5.252 Thread 0x0000021adb490800 Exception <a 'java/io/FileNotFoundException'> (0x000000076e4cc038) thrown at [C:\jenkins\workspace\8-2-build-windows-x64-cygwin\jdk8u341\2692\hotspot\src\share\vm\prims\jni.cpp, line 710]
Event: 5.253 Thread 0x0000021adb490800 Exception <a 'java/io/FileNotFoundException'> (0x000000076e4cd308) thrown at [C:\jenkins\workspace\8-2-build-windows-x64-cygwin\jdk8u341\2692\hotspot\src\share\vm\prims\jni.cpp, line 710]
Event: 5.253 Thread 0x0000021adb490800 Exception <a 'java/io/FileNotFoundException'> (0x000000076e4ce580) thrown at [C:\jenkins\workspace\8-2-build-windows-x64-cygwin\jdk8u341\2692\hotspot\src\share\vm\prims\jni.cpp, line 710]
Event: 8.778 Thread 0x0000021b1fd1c000 Exception <a 'java/net/SocketTimeoutException': Read timed out> (0x000000076c89aad8) thrown at [C:\jenkins\workspace\8-2-build-windows-x64-cygwin\jdk8u341\2692\hotspot\src\share\vm\prims\jni.cpp, line 737]
Event: 11.325 Thread 0x0000021b224b1800 Exception <a 'java/net/SocketTimeoutException': Read timed out> (0x000000076de077a0) thrown at [C:\jenkins\workspace\8-2-build-windows-x64-cygwin\jdk8u341\2692\hotspot\src\share\vm\prims\jni.cpp, line 737]
Event: 14.584 Thread 0x0000021b224be800 Exception <a 'java/lang/InterruptedException': sleep interrupted> (0x000000076d5fd830) thrown at [C:\jenkins\workspace\8-2-build-windows-x64-cygwin\jdk8u341\2692\hotspot\src\share\vm\prims\jvm.cpp, line 3369]
Event: 14.589 Thread 0x0000021b224be800 Exception <a 'java/security/PrivilegedActionException'> (0x000000076d654db8) thrown at [C:\jenkins\workspace\8-2-build-windows-x64-cygwin\jdk8u341\2692\hotspot\src\share\vm\prims\jvm.cpp, line 1523]
Event: 14.589 Thread 0x0000021b224be800 Exception <a 'java/security/PrivilegedActionException'> (0x000000076d655fb8) thrown at [C:\jenkins\workspace\8-2-build-windows-x64-cygwin\jdk8u341\2692\hotspot\src\share\vm\prims\jvm.cpp, line 1523]
Event: 14.589 Thread 0x0000021b224be800 Exception <a 'java/security/PrivilegedActionException'> (0x000000076d65b440) thrown at [C:\jenkins\workspace\8-2-build-windows-x64-cygwin\jdk8u341\2692\hotspot\src\share\vm\prims\jvm.cpp, line 1523]
Event: 14.589 Thread 0x0000021b224be800 Exception <a 'java/security/PrivilegedActionException'> (0x000000076d65c068) thrown at [C:\jenkins\workspace\8-2-build-windows-x64-cygwin\jdk8u341\2692\hotspot\src\share\vm\prims\jvm.cpp, line 1523]

Events (10 events):
Event: 14.591 loading class org/lwjgl/openal/ALC10
Event: 14.591 loading class org/lwjgl/openal/ALC10 done
Event: 14.596 loading class org/lwjgl/openal/ALCdevice
Event: 14.596 loading class org/lwjgl/openal/ALCdevice done
Event: 14.596 loading class org/lwjgl/openal/ALCcontext
Event: 14.596 loading class org/lwjgl/openal/ALCcontext done
Event: 14.596 loading class org/lwjgl/openal/Util
Event: 14.596 loading class org/lwjgl/openal/Util done
Event: 14.596 loading class org/lwjgl/openal/OpenALException
Event: 14.596 loading class org/lwjgl/openal/OpenALException done


Dynamic libraries:
0x00007ff722150000 - 0x00007ff722197000 	C:\Program Files\Java\jdk1.8.0_341\bin\java.exe
0x00007ffb9ce10000 - 0x00007ffb9d008000 	C:\Windows\SYSTEM32\ntdll.dll
0x00007ffb9c370000 - 0x00007ffb9c42d000 	C:\Windows\System32\KERNEL32.DLL
0x00007ffb9a860000 - 0x00007ffb9ab2e000 	C:\Windows\System32\KERNELBASE.dll
0x00007ffb9ba80000 - 0x00007ffb9bb2e000 	C:\Windows\System32\ADVAPI32.dll
0x00007ffb9bda0000 - 0x00007ffb9be3e000 	C:\Windows\System32\msvcrt.dll
0x00007ffb9c670000 - 0x00007ffb9c70c000 	C:\Windows\System32\sechost.dll
0x00007ffb9ae70000 - 0x00007ffb9af95000 	C:\Windows\System32\RPCRT4.dll
0x00007ffb9b880000 - 0x00007ffb9ba20000 	C:\Windows\System32\USER32.dll
0x00007ffb9abe0000 - 0x00007ffb9ac02000 	C:\Windows\System32\win32u.dll
0x00007ffb9cb80000 - 0x00007ffb9cbaa000 	C:\Windows\System32\GDI32.dll
0x00007ffb9a750000 - 0x00007ffb9a85b000 	C:\Windows\System32\gdi32full.dll
0x00007ffb9a660000 - 0x00007ffb9a6fd000 	C:\Windows\System32\msvcp_win.dll
0x00007ffb9ad70000 - 0x00007ffb9ae70000 	C:\Windows\System32\ucrtbase.dll
0x00007ffb99940000 - 0x00007ffb99bda000 	C:\Windows\WinSxS\amd64_microsoft.windows.common-controls_6595b64144ccf1df_6.0.19041.1110_none_60b5254171f9507e\COMCTL32.dll
0x00007ffb9bb90000 - 0x00007ffb9bbc0000 	C:\Windows\System32\IMM32.DLL
0x00007ffb94780000 - 0x00007ffb94795000 	C:\Program Files\Java\jdk1.8.0_341\jre\bin\vcruntime140.dll
0x00007ffb7af70000 - 0x00007ffb7b00b000 	C:\Program Files\Java\jdk1.8.0_341\jre\bin\msvcp140.dll
0x0000000074d30000 - 0x0000000075591000 	C:\Program Files\Java\jdk1.8.0_341\jre\bin\server\jvm.dll
0x00007ffb9bff0000 - 0x00007ffb9bff8000 	C:\Windows\System32\PSAPI.DLL
0x00007ffb97310000 - 0x00007ffb9731a000 	C:\Windows\SYSTEM32\VERSION.dll
0x00007ffb8d9c0000 - 0x00007ffb8d9e7000 	C:\Windows\SYSTEM32\WINMM.dll
0x00007ffb94eb0000 - 0x00007ffb94eb9000 	C:\Windows\SYSTEM32\WSOCK32.dll
0x00007ffb9cc80000 - 0x00007ffb9cceb000 	C:\Windows\System32\WS2_32.dll
0x00007ffb97690000 - 0x00007ffb976a2000 	C:\Windows\SYSTEM32\kernel.appcore.dll
0x00007ffb94770000 - 0x00007ffb94780000 	C:\Program Files\Java\jdk1.8.0_341\jre\bin\verify.dll
0x00007ffb94740000 - 0x00007ffb9476b000 	C:\Program Files\Java\jdk1.8.0_341\jre\bin\java.dll
0x00007ffb7c6a0000 - 0x00007ffb7c6d0000 	C:\Program Files\Java\jdk1.8.0_341\jre\bin\instrument.dll
0x00007ffb93c20000 - 0x00007ffb93c38000 	C:\Program Files\Java\jdk1.8.0_341\jre\bin\zip.dll
0x00007ffb9b000000 - 0x00007ffb9b744000 	C:\Windows\System32\SHELL32.dll
0x00007ffb97950000 - 0x00007ffb980e4000 	C:\Windows\SYSTEM32\windows.storage.dll
0x00007ffb9c010000 - 0x00007ffb9c364000 	C:\Windows\System32\combase.dll
0x00007ffb998a0000 - 0x00007ffb998d0000 	C:\Windows\SYSTEM32\Wldp.dll
0x00007ffb9bcf0000 - 0x00007ffb9bd9d000 	C:\Windows\System32\SHCORE.dll
0x00007ffb9ba20000 - 0x00007ffb9ba75000 	C:\Windows\System32\shlwapi.dll
0x00007ffb9a470000 - 0x00007ffb9a48f000 	C:\Windows\SYSTEM32\profapi.dll
0x00007ffb7ff60000 - 0x00007ffb7ff7a000 	C:\Program Files\JetBrains\IntelliJ IDEA Community Edition 2022.1.4\bin\breakgen64.dll
0x00007ffb8ec70000 - 0x00007ffb8ec8c000 	C:\Program Files\Java\jdk1.8.0_341\jre\bin\net.dll
0x00007ffb99600000 - 0x00007ffb9966a000 	C:\Windows\system32\mswsock.dll
0x00007ffb5e1b0000 - 0x00007ffb5e345000 	C:\Program Files\Java\jdk1.8.0_341\jre\bin\awt.dll
0x00007ffb9cbb0000 - 0x00007ffb9cc7d000 	C:\Windows\System32\OLEAUT32.dll
0x00007ffb98520000 - 0x00007ffb985b0000 	C:\Windows\SYSTEM32\apphelp.dll
0x00007ffb974b0000 - 0x00007ffb974df000 	C:\Windows\system32\DWMAPI.DLL
0x00007ffb98660000 - 0x00007ffb986fe000 	C:\Windows\system32\uxtheme.dll
0x00007ffb8c440000 - 0x00007ffb8c567000 	C:\Windows\system32\opengl32.dll
0x00007ffb8edb0000 - 0x00007ffb8eddc000 	C:\Windows\SYSTEM32\GLU32.dll
0x00007ffb9bbd0000 - 0x00007ffb9bce5000 	C:\Windows\System32\MSCTF.dll
0x00007ffb9c540000 - 0x00007ffb9c66a000 	C:\Windows\System32\ole32.dll
0x00007ffb9a5d0000 - 0x00007ffb9a652000 	C:\Windows\System32\bcryptPrimitives.dll
0x00007ffb79ca0000 - 0x00007ffb79e6f000 	C:\Windows\system32\d3d9.dll
0x00007ffb8fb60000 - 0x00007ffb8fc10000 	C:\Windows\System32\DriverStore\FileRepository\nvltsig.inf_amd64_7413d08c27382450\nvldumdx.dll
0x00007ffb99cf0000 - 0x00007ffb99d02000 	C:\Windows\SYSTEM32\msasn1.dll
0x00007ffb921e0000 - 0x00007ffb92211000 	C:\Windows\SYSTEM32\cryptnet.dll
0x00007ffb9ac10000 - 0x00007ffb9ad66000 	C:\Windows\System32\CRYPT32.dll
0x00007ffb92090000 - 0x00007ffb921d8000 	C:\Windows\SYSTEM32\drvstore.dll
0x00007ffb9a2e0000 - 0x00007ffb9a30c000 	C:\Windows\SYSTEM32\devobj.dll
0x00007ffb9a700000 - 0x00007ffb9a74e000 	C:\Windows\System32\cfgmgr32.dll
0x00007ffb99890000 - 0x00007ffb9989c000 	C:\Windows\SYSTEM32\cryptbase.dll
0x00007ffb9a530000 - 0x00007ffb9a597000 	C:\Windows\System32\WINTRUST.DLL
0x00007ffb9b750000 - 0x00007ffb9b76d000 	C:\Windows\System32\imagehlp.dll
0x00007ffb9a2c0000 - 0x00007ffb9a2d8000 	C:\Windows\SYSTEM32\CRYPTSP.dll
0x00007ffb98fa0000 - 0x00007ffb98fd4000 	C:\Windows\system32\rsaenh.dll
0x00007ffb9a5a0000 - 0x00007ffb9a5c7000 	C:\Windows\System32\bcrypt.dll
0x00007ffb5ae10000 - 0x00007ffb5c59c000 	C:\Windows\System32\DriverStore\FileRepository\nvltsig.inf_amd64_7413d08c27382450\nvd3dumx.dll
0x00007ffb98790000 - 0x00007ffb987b3000 	C:\Windows\SYSTEM32\gpapi.dll
0x00007ffb904c0000 - 0x00007ffb904fb000 	C:\Windows\SYSTEM32\dxcore.dll
0x00007ffb7c580000 - 0x00007ffb7c5a4000 	C:\Program Files\Java\jdk1.8.0_341\jre\bin\sunec.dll
0x00007ffb992f0000 - 0x00007ffb9932b000 	C:\Windows\SYSTEM32\IPHLPAPI.DLL
0x00007ffb9c000000 - 0x00007ffb9c008000 	C:\Windows\System32\NSI.dll
0x00007ffb926f0000 - 0x00007ffb92707000 	C:\Windows\SYSTEM32\dhcpcsvc6.DLL
0x00007ffb926d0000 - 0x00007ffb926ed000 	C:\Windows\SYSTEM32\dhcpcsvc.DLL
0x00007ffb99330000 - 0x00007ffb993fb000 	C:\Windows\SYSTEM32\DNSAPI.dll
0x00007ffb8e1d0000 - 0x00007ffb8e1e3000 	C:\Program Files\Java\jdk1.8.0_341\jre\bin\nio.dll
0x00007ffb9a430000 - 0x00007ffb9a45e000 	C:\Windows\SYSTEM32\USERENV.dll
0x00007ffb8b1a0000 - 0x00007ffb8b1aa000 	C:\Windows\System32\rasadhlp.dll
0x00007ffb8a500000 - 0x00007ffb8a580000 	C:\Windows\System32\fwpuclnt.dll
0x00007ffb8ce50000 - 0x00007ffb8ce5d000 	C:\Program Files\Java\jdk1.8.0_341\jre\bin\sunmscapi.dll
0x00007ffb99910000 - 0x00007ffb99937000 	C:\Windows\SYSTEM32\ncrypt.dll
0x00007ffb998d0000 - 0x00007ffb9990b000 	C:\Windows\SYSTEM32\NTASN1.dll
0x00007ffb79c50000 - 0x00007ffb79c99000 	C:\Program Files\Java\jdk1.8.0_341\jre\bin\fontmanager.dll
0x00007ffb70b40000 - 0x00007ffb70bda000 	C:\Windows\system32\RICHED20.DLL
0x00007ffb8d600000 - 0x00007ffb8d639000 	C:\Windows\SYSTEM32\msls31.dll
0x00007ffb8ae40000 - 0x00007ffb8ae59000 	C:\Windows\SYSTEM32\USP10.dll
0x00007ffb9c430000 - 0x00007ffb9c4d9000 	C:\Windows\System32\clbcatq.dll
0x00007ffb85450000 - 0x00007ffb8548e000 	C:\Windows\system32\dataexchange.dll
0x00007ffb98100000 - 0x00007ffb982e4000 	C:\Windows\system32\dcomp.dll
0x00007ffb95df0000 - 0x00007ffb96053000 	C:\Windows\system32\d3d11.dll
0x00007ffb987e0000 - 0x00007ffb988d3000 	C:\Windows\system32\dxgi.dll
0x00007ffb937b0000 - 0x00007ffb939b0000 	C:\Windows\system32\twinapi.appcore.dll
0x00007ffb779e0000 - 0x00007ffb77a23000 	C:\Program Files\Java\jdk1.8.0_341\jre\bin\t2k.dll
0x00007ffb92890000 - 0x00007ffb92989000 	C:\Windows\SYSTEM32\textinputframework.dll
0x00007ffb96f60000 - 0x00007ffb972be000 	C:\Windows\System32\CoreUIComponents.dll
0x00007ffb982f0000 - 0x00007ffb983e2000 	C:\Windows\System32\CoreMessaging.dll
0x00007ffb9a280000 - 0x00007ffb9a2b3000 	C:\Windows\SYSTEM32\ntmarta.dll
0x00007ffb964c0000 - 0x00007ffb96614000 	C:\Windows\SYSTEM32\wintypes.dll
0x0000021ada5f0000 - 0x0000021ada5f3000 	C:\Program Files\Java\jdk1.8.0_341\jre\bin\api-ms-win-core-console-l1-1-0.dll
0x0000021ada600000 - 0x0000021ada603000 	C:\Program Files\Java\jdk1.8.0_341\jre\bin\api-ms-win-core-console-l1-2-0.dll
0x0000021ada610000 - 0x0000021ada613000 	C:\Program Files\Java\jdk1.8.0_341\jre\bin\api-ms-win-core-datetime-l1-1-0.dll
0x0000021ada620000 - 0x0000021ada623000 	C:\Program Files\Java\jdk1.8.0_341\jre\bin\api-ms-win-core-debug-l1-1-0.dll
0x0000021ada630000 - 0x0000021ada633000 	C:\Program Files\Java\jdk1.8.0_341\jre\bin\api-ms-win-core-errorhandling-l1-1-0.dll
0x0000021ada640000 - 0x0000021ada644000 	C:\Program Files\Java\jdk1.8.0_341\jre\bin\api-ms-win-core-file-l1-1-0.dll
0x0000021ada650000 - 0x0000021ada653000 	C:\Program Files\Java\jdk1.8.0_341\jre\bin\api-ms-win-core-file-l1-2-0.dll
0x0000021ada660000 - 0x0000021ada663000 	C:\Program Files\Java\jdk1.8.0_341\jre\bin\api-ms-win-core-file-l2-1-0.dll
0x0000021ada670000 - 0x0000021ada673000 	C:\Program Files\Java\jdk1.8.0_341\jre\bin\api-ms-win-core-handle-l1-1-0.dll
0x0000021ada680000 - 0x0000021ada683000 	C:\Program Files\Java\jdk1.8.0_341\jre\bin\api-ms-win-core-heap-l1-1-0.dll
0x0000021ada690000 - 0x0000021ada693000 	C:\Program Files\Java\jdk1.8.0_341\jre\bin\api-ms-win-core-interlocked-l1-1-0.dll
0x0000021ada6a0000 - 0x0000021ada6a3000 	C:\Program Files\Java\jdk1.8.0_341\jre\bin\api-ms-win-core-libraryloader-l1-1-0.dll
0x0000021ada6b0000 - 0x0000021ada6b3000 	C:\Program Files\Java\jdk1.8.0_341\jre\bin\api-ms-win-core-localization-l1-2-0.dll
0x0000021ada6c0000 - 0x0000021ada6c3000 	C:\Program Files\Java\jdk1.8.0_341\jre\bin\api-ms-win-core-memory-l1-1-0.dll
0x0000021ada6d0000 - 0x0000021ada6d3000 	C:\Program Files\Java\jdk1.8.0_341\jre\bin\api-ms-win-core-namedpipe-l1-1-0.dll
0x0000021ada6e0000 - 0x0000021ada6e3000 	C:\Program Files\Java\jdk1.8.0_341\jre\bin\api-ms-win-core-processenvironment-l1-1-0.dll
0x0000021ada6f0000 - 0x0000021ada6f3000 	C:\Program Files\Java\jdk1.8.0_341\jre\bin\api-ms-win-core-processthreads-l1-1-0.dll
0x0000021ada700000 - 0x0000021ada703000 	C:\Program Files\Java\jdk1.8.0_341\jre\bin\api-ms-win-core-processthreads-l1-1-1.dll
0x0000021ada710000 - 0x0000021ada713000 	C:\Program Files\Java\jdk1.8.0_341\jre\bin\api-ms-win-core-profile-l1-1-0.dll
0x0000021ada720000 - 0x0000021ada723000 	C:\Program Files\Java\jdk1.8.0_341\jre\bin\api-ms-win-core-rtlsupport-l1-1-0.dll
0x0000021ada730000 - 0x0000021ada733000 	C:\Program Files\Java\jdk1.8.0_341\jre\bin\api-ms-win-core-string-l1-1-0.dll
0x0000021ada740000 - 0x0000021ada743000 	C:\Program Files\Java\jdk1.8.0_341\jre\bin\api-ms-win-core-synch-l1-1-0.dll
0x0000021ada750000 - 0x0000021ada753000 	C:\Program Files\Java\jdk1.8.0_341\jre\bin\api-ms-win-core-synch-l1-2-0.dll
0x0000021ada760000 - 0x0000021ada763000 	C:\Program Files\Java\jdk1.8.0_341\jre\bin\api-ms-win-core-sysinfo-l1-1-0.dll
0x0000021ada770000 - 0x0000021ada773000 	C:\Program Files\Java\jdk1.8.0_341\jre\bin\api-ms-win-core-timezone-l1-1-0.dll
0x0000021ada780000 - 0x0000021ada783000 	C:\Program Files\Java\jdk1.8.0_341\jre\bin\api-ms-win-core-util-l1-1-0.dll
0x0000021ada790000 - 0x0000021ada793000 	C:\Program Files\Java\jdk1.8.0_341\jre\bin\api-ms-win-crt-conio-l1-1-0.dll
0x0000021ada7a0000 - 0x0000021ada7a4000 	C:\Program Files\Java\jdk1.8.0_341\jre\bin\api-ms-win-crt-convert-l1-1-0.dll
0x0000021ada7b0000 - 0x0000021ada7b3000 	C:\Program Files\Java\jdk1.8.0_341\jre\bin\api-ms-win-crt-environment-l1-1-0.dll
0x0000021ada7c0000 - 0x0000021ada7c3000 	C:\Program Files\Java\jdk1.8.0_341\jre\bin\api-ms-win-crt-filesystem-l1-1-0.dll
0x0000021ada7d0000 - 0x0000021ada7d3000 	C:\Program Files\Java\jdk1.8.0_341\jre\bin\api-ms-win-crt-heap-l1-1-0.dll
0x0000021ada7e0000 - 0x0000021ada7e3000 	C:\Program Files\Java\jdk1.8.0_341\jre\bin\api-ms-win-crt-locale-l1-1-0.dll
0x0000021ada7f0000 - 0x0000021ada7f5000 	C:\Program Files\Java\jdk1.8.0_341\jre\bin\api-ms-win-crt-math-l1-1-0.dll

VM Arguments:
jvm_args: -javaagent:C:\Program Files\JetBrains\IntelliJ IDEA Community Edition 2022.1.4\lib\idea_rt.jar=57005:C:\Program Files\JetBrains\IntelliJ IDEA Community Edition 2022.1.4\bin -Dfile.encoding=UTF-8 
java_command: net.minecraft.launcher.LauncherFrame
java_class_path (initial): C:\Program Files\Java\jdk1.8.0_341\jre\lib\charsets.jar;C:\Program Files\Java\jdk1.8.0_341\jre\lib\deploy.jar;C:\Program Files\Java\jdk1.8.0_341\jre\lib\ext\access-bridge-64.jar;C:\Program Files\Java\jdk1.8.0_341\jre\lib\ext\cldrdata.jar;C:\Program Files\Java\jdk1.8.0_341\jre\lib\ext\dnsns.jar;C:\Program Files\Java\jdk1.8.0_341\jre\lib\ext\jaccess.jar;C:\Program Files\Java\jdk1.8.0_341\jre\lib\ext\jfxrt.jar;C:\Program Files\Java\jdk1.8.0_341\jre\lib\ext\localedata.jar;C:\Program Files\Java\jdk1.8.0_341\jre\lib\ext\nashorn.jar;C:\Program Files\Java\jdk1.8.0_341\jre\lib\ext\sunec.jar;C:\Program Files\Java\jdk1.8.0_341\jre\lib\ext\sunjce_provider.jar;C:\Program Files\Java\jdk1.8.0_341\jre\lib\ext\sunmscapi.jar;C:\Program Files\Java\jdk1.8.0_341\jre\lib\ext\sunpkcs11.jar;C:\Program Files\Java\jdk1.8.0_341\jre\lib\ext\zipfs.jar;C:\Program Files\Java\jdk1.8.0_341\jre\lib\javaws.jar;C:\Program Files\Java\jdk1.8.0_341\jre\lib\jce.jar;C:\Program Files\Java\jdk1.8.0_341\jre\lib\jfr.jar;C:\Program Files\Java\jdk1.8.0_341\jre\lib\jfxswt.jar;C:\Program Files\Java\jdk1.8.0_341\jre\lib\jsse.jar;C:\Program Files\Java\jdk1.8.0_341\jre\lib\management-agent.jar;C:\Program Files\Java\jdk1.8.0_341\jre\lib\plugin.jar;C:\Program Files\Java\jdk1.8.0_341\jre\lib\resources.jar;C:\Program Files\Java\jdk1.8.0_341\jre\lib\rt.jar;C:\Users\sojla\Desktop\AlphacraftLauncher\out\production\AlphacraftLauncher;C:\Users\sojla\Desktop\AlphacraftLauncher\libs\commons-logging-1.2.jar;C:\Users\sojla\Desktop\AlphacraftLauncher\libs\httpclient-4.5.13.jar;C:\Users\sojla\Desktop\AlphacraftLauncher\libs\httpcore-4.4.15.jar;C:\Users\sojla\Desktop\AlphacraftLauncher\libs\json-20220320.jar;C:\Program Files\JetBrains\IntelliJ IDEA Community Edition 2022.1.4\lib\idea_rt.jar
Launcher Type: SUN_STANDARD

Environment Variables:
PATH=C:\Program Files\Common Files\Oracle\Java\javapath;C:\Program Files (x86)\VMware\VMware Workstation\bin\;C:\Program Files (x86)\Common Files\Oracle\Java\javapath;C:\Windows\system32;C:\Windows;C:\Windows\System32\Wbem;C:\Windows\System32\WindowsPowerShell\v1.0\;C:\Windows\System32\OpenSSH\;C:\Program Files (x86)\NVIDIA Corporation\PhysX\Common;C:\Program Files\dotnet\;C:\Program Files\Git\cmd;C:\Users\sojla\AppData\Local\Microsoft\WindowsApps;C:\Program Files\JetBrains\IntelliJ IDEA Community Edition 2022.1.3\bin;;C:\Users\sojla\AppData\Local\GitHubDesktop\bin;C:\Users\sojla\AppData\Local\Programs\Microsoft VS Code\bin
USERNAME=sojla
OS=Windows_NT
PROCESSOR_IDENTIFIER=AMD64 Family 25 Model 80 Stepping 0, AuthenticAMD



---------------  S Y S T E M  ---------------

OS: Windows 10 , 64 bit Build 19041 (10.0.19041.1806)

CPU:total 16 (initial active 16) (16 cores per cpu, 1 threads per core) family 25 model 80 stepping 0, cmov, cx8, fxsr, mmx, sse, sse2, sse3, ssse3, sse4.1, sse4.2, popcnt, avx, avx2, aes, clmul, erms, mmxext, 3dnowpref, lzcnt, sse4a, tsc, tscinvbit, tscinv, bmi1

Memory: 4k page, physical 16625724k(5189112k free), swap 20528892k(3453716k free)

vm_info: Java HotSpot(TM) 64-Bit Server VM (25.341-b10) for windows-amd64 JRE (1.8.0_341-b10), built on Jun 16 2022 15:51:07 by "java_re" with MS VC++ 15.9 (VS2017)

time: Wed Aug 10 21:07:54 2022
timezone: FLE Daylight Time
elapsed time: 14.627995 seconds (0d 0h 0m 14s)

